#
# There is insufficient memory for the Java Runtime Environment to continue.
# Native memory allocation (mmap) failed to map 536870912 bytes for committing reserved memory.
# Possible reasons:
#   The system is out of physical RAM or swap space
#   In 32 bit mode, the process size limit was hit
# Possible solutions:
#   Reduce memory load on the system
#   Increase physical memory or swap space
#   Check if swap backing store is full
#   Use 64 bit Java on a 64 bit OS
#   Decrease Java heap size (-Xmx/-Xms)
#   Decrease number of Java threads
#   Decrease Java thread stack sizes (-Xss)
#   Set larger code cache with -XX:ReservedCodeCacheSize=
# This output file may be truncated or incomplete.
#
#  Out of Memory Error (os_linux.cpp:2743), pid=12288, tid=0x00007f2cabc65700
#
# JRE version:  (8.0_191-b12) (build )
# Java VM: Java HotSpot(TM) 64-Bit Server VM (25.191-b12 mixed mode linux-amd64 compressed oops)
# Failed to write core dump. Core dumps have been disabled. To enable core dumping, try "ulimit -c unlimited" before starting Java again
#

---------------  T H R E A D  ---------------

Current thread (0x00007f2ca4010000):  JavaThread "Unknown thread" [_thread_in_vm, id=12290, stack(0x00007f2cabb66000,0x00007f2cabc66000)]

Stack: [0x00007f2cabb66000,0x00007f2cabc66000],  sp=0x00007f2cabc64570,  free space=1017k
Native frames: (J=compiled Java code, j=interpreted, Vv=VM code, C=native code)
V  [libjvm.so+0xace425]  VMError::report_and_die()+0x2c5
V  [libjvm.so+0x4deb77]  report_vm_out_of_memory(char const*, int, unsigned long, VMErrorType, char const*)+0x67
V  [libjvm.so+0x90c570]  os::pd_commit_memory(char*, unsigned long, unsigned long, bool)+0x100
V  [libjvm.so+0x903eaf]  os::commit_memory(char*, unsigned long, unsigned long, bool)+0x1f
V  [libjvm.so+0x988346]  PSVirtualSpace::expand_by(unsigned long)+0x56
V  [libjvm.so+0x978c6c]  PSOldGen::initialize(ReservedSpace, unsigned long, char const*, int)+0x8c
V  [libjvm.so+0x2bce5e]  AdjoiningGenerations::AdjoiningGenerations(ReservedSpace, GenerationSizer*, unsigned long)+0x2fe
V  [libjvm.so+0x9369d2]  ParallelScavengeHeap::initialize()+0x222
V  [libjvm.so+0xa922ba]  Universe::initialize_heap()+0x16a
V  [libjvm.so+0xa92593]  universe_init()+0x33
V  [libjvm.so+0x62f0f0]  init_globals()+0x50
V  [libjvm.so+0xa74c57]  Threads::create_vm(JavaVMInitArgs*, bool*)+0x257
V  [libjvm.so+0x6d49ff]  JNI_CreateJavaVM+0x4f
C  [libjli.so+0x7e74]  JavaMain+0x84
C  [libpthread.so.0+0x76db]  start_thread+0xdb


---------------  P R O C E S S  ---------------

Java Threads: ( => current thread )

Other Threads:

=>0x00007f2ca4010000 (exited) JavaThread "Unknown thread" [_thread_in_vm, id=12290, stack(0x00007f2cabb66000,0x00007f2cabc66000)]

VM state:not at safepoint (not fully initialized)

VM Mutex/Monitor currently owned by a thread: None

GC Heap History (0 events):
No events

Deoptimization events (0 events):
No events

Classes redefined (0 events):
No events

Internal exceptions (0 events):
No events

Events (0 events):
No events


Dynamic libraries:
00400000-00401000 r-xp 00000000 00:32 1323919                            /home/ernani/.sdkman/candidates/java/8.0.191-oracle/bin/java
00600000-00601000 r--p 00000000 00:32 1323919                            /home/ernani/.sdkman/candidates/java/8.0.191-oracle/bin/java
00601000-00602000 rw-p 00001000 00:32 1323919                            /home/ernani/.sdkman/candidates/java/8.0.191-oracle/bin/java
017c4000-017e5000 rw-p 00000000 00:00 0                                  [heap]
f0000000-100000000 rw-p 00000000 00:00 0 
7f2c95000000-7f2c95270000 rwxp 00000000 00:00 0 
7f2c95270000-7f2ca4000000 ---p 00000000 00:00 0 
7f2ca4000000-7f2ca4044000 rw-p 00000000 00:00 0 
7f2ca4044000-7f2ca8000000 ---p 00000000 00:00 0 
7f2ca8229000-7f2ca84bc000 rw-p 00000000 00:00 0 
7f2ca84bc000-7f2ca85bc000 ---p 00000000 00:00 0 
7f2ca85bc000-7f2ca8647000 rw-p 00000000 00:00 0 
7f2ca8647000-7f2ca89fd000 ---p 00000000 00:00 0 
7f2ca89fd000-7f2ca8a17000 r-xp 00000000 00:32 1061901                    /home/ernani/.sdkman/candidates/java/8.0.191-oracle/jre/lib/amd64/libzip.so
7f2ca8a17000-7f2ca8c17000 ---p 0001a000 00:32 1061901                    /home/ernani/.sdkman/candidates/java/8.0.191-oracle/jre/lib/amd64/libzip.so
7f2ca8c17000-7f2ca8c18000 r--p 0001a000 00:32 1061901                    /home/ernani/.sdkman/candidates/java/8.0.191-oracle/jre/lib/amd64/libzip.so
7f2ca8c18000-7f2ca8c19000 rw-p 0001b000 00:32 1061901                    /home/ernani/.sdkman/candidates/java/8.0.191-oracle/jre/lib/amd64/libzip.so
7f2ca8c19000-7f2ca8c24000 r-xp 00000000 08:05 398899                     /lib/x86_64-linux-gnu/libnss_files-2.27.so
7f2ca8c24000-7f2ca8e23000 ---p 0000b000 08:05 398899                     /lib/x86_64-linux-gnu/libnss_files-2.27.so
7f2ca8e23000-7f2ca8e24000 r--p 0000a000 08:05 398899                     /lib/x86_64-linux-gnu/libnss_files-2.27.so
7f2ca8e24000-7f2ca8e25000 rw-p 0000b000 08:05 398899                     /lib/x86_64-linux-gnu/libnss_files-2.27.so
7f2ca8e25000-7f2ca8e2b000 rw-p 00000000 00:00 0 
7f2ca8e2b000-7f2ca8e42000 r-xp 00000000 08:05 398893                     /lib/x86_64-linux-gnu/libnsl-2.27.so
7f2ca8e42000-7f2ca9041000 ---p 00017000 08:05 398893                     /lib/x86_64-linux-gnu/libnsl-2.27.so
7f2ca9041000-7f2ca9042000 r--p 00016000 08:05 398893                     /lib/x86_64-linux-gnu/libnsl-2.27.so
7f2ca9042000-7f2ca9043000 rw-p 00017000 08:05 398893                     /lib/x86_64-linux-gnu/libnsl-2.27.so
7f2ca9043000-7f2ca9045000 rw-p 00000000 00:00 0 
7f2ca9045000-7f2ca9050000 r-xp 00000000 08:05 398910                     /lib/x86_64-linux-gnu/libnss_nis-2.27.so
7f2ca9050000-7f2ca924f000 ---p 0000b000 08:05 398910                     /lib/x86_64-linux-gnu/libnss_nis-2.27.so
7f2ca924f000-7f2ca9250000 r--p 0000a000 08:05 398910                     /lib/x86_64-linux-gnu/libnss_nis-2.27.so
7f2ca9250000-7f2ca9251000 rw-p 0000b000 08:05 398910                     /lib/x86_64-linux-gnu/libnss_nis-2.27.so
7f2ca9251000-7f2ca9259000 r-xp 00000000 08:05 398895                     /lib/x86_64-linux-gnu/libnss_compat-2.27.so
7f2ca9259000-7f2ca9459000 ---p 00008000 08:05 398895                     /lib/x86_64-linux-gnu/libnss_compat-2.27.so
7f2ca9459000-7f2ca945a000 r--p 00008000 08:05 398895                     /lib/x86_64-linux-gnu/libnss_compat-2.27.so
7f2ca945a000-7f2ca945b000 rw-p 00009000 08:05 398895                     /lib/x86_64-linux-gnu/libnss_compat-2.27.so
7f2ca945b000-7f2ca9465000 r-xp 00000000 00:32 1061920                    /home/ernani/.sdkman/candidates/java/8.0.191-oracle/jre/lib/amd64/libinstrument.so
7f2ca9465000-7f2ca9664000 ---p 0000a000 00:32 1061920                    /home/ernani/.sdkman/candidates/java/8.0.191-oracle/jre/lib/amd64/libinstrument.so
7f2ca9664000-7f2ca9665000 r--p 00009000 00:32 1061920                    /home/ernani/.sdkman/candidates/java/8.0.191-oracle/jre/lib/amd64/libinstrument.so
7f2ca9665000-7f2ca9666000 rw-p 0000a000 00:32 1061920                    /home/ernani/.sdkman/candidates/java/8.0.191-oracle/jre/lib/amd64/libinstrument.so
7f2ca9666000-7f2ca9693000 r-xp 00000000 00:32 1061910                    /home/ernani/.sdkman/candidates/java/8.0.191-oracle/jre/lib/amd64/libjava.so
7f2ca9693000-7f2ca9892000 ---p 0002d000 00:32 1061910                    /home/ernani/.sdkman/candidates/java/8.0.191-oracle/jre/lib/amd64/libjava.so
7f2ca9892000-7f2ca9893000 r--p 0002c000 00:32 1061910                    /home/ernani/.sdkman/candidates/java/8.0.191-oracle/jre/lib/amd64/libjava.so
7f2ca9893000-7f2ca9895000 rw-p 0002d000 00:32 1061910                    /home/ernani/.sdkman/candidates/java/8.0.191-oracle/jre/lib/amd64/libjava.so
7f2ca9895000-7f2ca98a2000 r-xp 00000000 00:32 1061907                    /home/ernani/.sdkman/candidates/java/8.0.191-oracle/jre/lib/amd64/libverify.so
7f2ca98a2000-7f2ca9aa1000 ---p 0000d000 00:32 1061907                    /home/ernani/.sdkman/candidates/java/8.0.191-oracle/jre/lib/amd64/libverify.so
7f2ca9aa1000-7f2ca9aa3000 r--p 0000c000 00:32 1061907                    /home/ernani/.sdkman/candidates/java/8.0.191-oracle/jre/lib/amd64/libverify.so
7f2ca9aa3000-7f2ca9aa4000 rw-p 0000e000 00:32 1061907                    /home/ernani/.sdkman/candidates/java/8.0.191-oracle/jre/lib/amd64/libverify.so
7f2ca9aa4000-7f2ca9aab000 r-xp 00000000 08:05 398950                     /lib/x86_64-linux-gnu/librt-2.27.so
7f2ca9aab000-7f2ca9caa000 ---p 00007000 08:05 398950                     /lib/x86_64-linux-gnu/librt-2.27.so
7f2ca9caa000-7f2ca9cab000 r--p 00006000 08:05 398950                     /lib/x86_64-linux-gnu/librt-2.27.so
7f2ca9cab000-7f2ca9cac000 rw-p 00007000 08:05 398950                     /lib/x86_64-linux-gnu/librt-2.27.so
7f2ca9cac000-7f2ca9e49000 r-xp 00000000 08:05 398872                     /lib/x86_64-linux-gnu/libm-2.27.so
7f2ca9e49000-7f2caa048000 ---p 0019d000 08:05 398872                     /lib/x86_64-linux-gnu/libm-2.27.so
7f2caa048000-7f2caa049000 r--p 0019c000 08:05 398872                     /lib/x86_64-linux-gnu/libm-2.27.so
7f2caa049000-7f2caa04a000 rw-p 0019d000 08:05 398872                     /lib/x86_64-linux-gnu/libm-2.27.so
7f2caa04a000-7f2caad2c000 r-xp 00000000 00:32 1577211                    /home/ernani/.sdkman/candidates/java/8.0.191-oracle/jre/lib/amd64/server/libjvm.so
7f2caad2c000-7f2caaf2c000 ---p 00ce2000 00:32 1577211                    /home/ernani/.sdkman/candidates/java/8.0.191-oracle/jre/lib/amd64/server/libjvm.so
7f2caaf2c000-7f2caafc2000 r--p 00ce2000 00:32 1577211                    /home/ernani/.sdkman/candidates/java/8.0.191-oracle/jre/lib/amd64/server/libjvm.so
7f2caafc2000-7f2caaff3000 rw-p 00d78000 00:32 1577211                    /home/ernani/.sdkman/candidates/java/8.0.191-oracle/jre/lib/amd64/server/libjvm.so
7f2caaff3000-7f2cab02e000 rw-p 00000000 00:00 0 
7f2cab02e000-7f2cab215000 r-xp 00000000 08:05 398809                     /lib/x86_64-linux-gnu/libc-2.27.so
7f2cab215000-7f2cab415000 ---p 001e7000 08:05 398809                     /lib/x86_64-linux-gnu/libc-2.27.so
7f2cab415000-7f2cab419000 r--p 001e7000 08:05 398809                     /lib/x86_64-linux-gnu/libc-2.27.so
7f2cab419000-7f2cab41b000 rw-p 001eb000 08:05 398809                     /lib/x86_64-linux-gnu/libc-2.27.so
7f2cab41b000-7f2cab41f000 rw-p 00000000 00:00 0 
7f2cab41f000-7f2cab422000 r-xp 00000000 08:05 398832                     /lib/x86_64-linux-gnu/libdl-2.27.so
7f2cab422000-7f2cab621000 ---p 00003000 08:05 398832                     /lib/x86_64-linux-gnu/libdl-2.27.so
7f2cab621000-7f2cab622000 r--p 00002000 08:05 398832                     /lib/x86_64-linux-gnu/libdl-2.27.so
7f2cab622000-7f2cab623000 rw-p 00003000 08:05 398832                     /lib/x86_64-linux-gnu/libdl-2.27.so
7f2cab623000-7f2cab63a000 r-xp 00000000 00:32 1577203                    /home/ernani/.sdkman/candidates/java/8.0.191-oracle/lib/amd64/jli/libjli.so
7f2cab63a000-7f2cab839000 ---p 00017000 00:32 1577203                    /home/ernani/.sdkman/candidates/java/8.0.191-oracle/lib/amd64/jli/libjli.so
7f2cab839000-7f2cab83a000 r--p 00016000 00:32 1577203                    /home/ernani/.sdkman/candidates/java/8.0.191-oracle/lib/amd64/jli/libjli.so
7f2cab83a000-7f2cab83b000 rw-p 00017000 00:32 1577203                    /home/ernani/.sdkman/candidates/java/8.0.191-oracle/lib/amd64/jli/libjli.so
7f2cab83b000-7f2cab855000 r-xp 00000000 08:05 398942                     /lib/x86_64-linux-gnu/libpthread-2.27.so
7f2cab855000-7f2caba54000 ---p 0001a000 08:05 398942                     /lib/x86_64-linux-gnu/libpthread-2.27.so
7f2caba54000-7f2caba55000 r--p 00019000 08:05 398942                     /lib/x86_64-linux-gnu/libpthread-2.27.so
7f2caba55000-7f2caba56000 rw-p 0001a000 08:05 398942                     /lib/x86_64-linux-gnu/libpthread-2.27.so
7f2caba56000-7f2caba5a000 rw-p 00000000 00:00 0 
7f2caba5a000-7f2caba81000 r-xp 00000000 08:05 398781                     /lib/x86_64-linux-gnu/ld-2.27.so
7f2cabb65000-7f2cabb66000 ---p 00000000 00:00 0 
7f2cabb66000-7f2cabb69000 ---p 00000000 00:00 0 
7f2cabb69000-7f2cabc68000 rw-p 00000000 00:00 0 
7f2cabc75000-7f2cabc7d000 rw-s 00000000 08:05 842036                     /tmp/hsperfdata_ernani/12288
7f2cabc7d000-7f2cabc7e000 rw-p 00000000 00:00 0 
7f2cabc7e000-7f2cabc7f000 r--p 00000000 00:00 0 
7f2cabc7f000-7f2cabc81000 rw-p 00000000 00:00 0 
7f2cabc81000-7f2cabc82000 r--p 00027000 08:05 398781                     /lib/x86_64-linux-gnu/ld-2.27.so
7f2cabc82000-7f2cabc83000 rw-p 00028000 08:05 398781                     /lib/x86_64-linux-gnu/ld-2.27.so
7f2cabc83000-7f2cabc84000 rw-p 00000000 00:00 0 
7fff6eea4000-7fff6eecb000 rw-p 00000000 00:00 0                          [stack]
7fff6efc4000-7fff6efc7000 r--p 00000000 00:00 0                          [vvar]
7fff6efc7000-7fff6efc9000 r-xp 00000000 00:00 0                          [vdso]
ffffffffff600000-ffffffffff601000 r-xp 00000000 00:00 0                  [vsyscall]

VM Arguments:
jvm_args: -Dendpoints.shutdown.enabled=true -Denv=development -Dfull.stacktrace=false -Dgrails.env=development -Dgrails.full.stacktrace=false -Dinfo.app.grailsVersion=3.3.5 -Dinfo.app.name=obi-journey-site -Dinfo.app.version=0.1 -Djdk.reflect.allowGetCallerClass=true -Drun.active=true -Dserver.port=5000 -Dspring.output.ansi.enabled=always -Dspring.profiles.active -Dspringloaded=inclusions=grails.plugins..*;synchronize=true;allowSplitPackages=true;cacheDir=/home/ernani/dev/obi-journey-site/build/springloaded -Dverbose=false -XX:+TieredCompilation -XX:TieredStopAtLevel=1 -XX:CICompilerCount=3 -javaagent:/home/ernani/.gradle/caches/modules-2/files-2.1/org.springframework/springloaded/1.2.8.RELEASE/b60bac05b0451cdc1863bfec617f39aa0dcaaa43/springloaded-1.2.8.RELEASE.jar -Xverify:none -Xms768m -Xmx768m -Dfile.encoding=UTF-8 -Duser.country=BR -Duser.language=pt -Duser.variant 
java_command: obi.journey.site.Application
java_class_path (initial): /home/ernani/dev/obi-journey-site/src/main/resources:/home/ernani/dev/obi-journey-site/grails-app/views:/home/ernani/dev/obi-journey-site/grails-app/i18n:/home/ernani/dev/obi-journey-site/grails-app/conf:/home/ernani/dev/obi-journey-site/build/classes/main:/home/ernani/dev/obi-journey-site/build/resources/main:/home/ernani/dev/obi-journey-site/gsp-classes:/home/ernani/.gradle/caches/modules-2/files-2.1/org.springframework.boot/spring-boot-starter-logging/1.5.12.RELEASE/88b9a16ff87f0a7faec7848e9a5626ffbbac588f/spring-boot-starter-logging-1.5.12.RELEASE.jar:/home/ernani/.gradle/caches/modules-2/files-2.1/org.springframework.boot/spring-boot-autoconfigure/1.5.12.RELEASE/932ab2609793ebc00576cbae77085bb83e5c9008/spring-boot-autoconfigure-1.5.12.RELEASE.jar:/home/ernani/.gradle/caches/modules-2/files-2.1/org.grails/grails-core/3.3.5/8044ecc48da9a8427953ffb1b7fe0a169b5b75eb/grails-core-3.3.5.jar:/home/ernani/.gradle/caches/modules-2/files-2.1/org.springframework.boot/spring-boot-starter-actuator/1.5.12.RELEASE/492b2762b659ff66970bda22802d06e1b4ce9f5b/spring-boot-starter-actuator-1.5.12.RELEASE.jar:/home/ernani/.gradle/caches/modules-2/files-2.1/org.grails/grails-web-boot/3.3.5/96b9ec5a3904970ecb1dd5d2d783bb54e46339f/grails-web-boot-3.3.5.jar:/home/ernani/.gradle/caches/modules-2/files-2.1/org.grails/grails-logging/3.3.5/cd27aad74b27447d2aebe1a85b4fbc89af2d3c3d/grails-logging-3.3.5.jar:/home/ernani/.gradle/caches/modules-2/files-2.1/org.grails/grails-plugin-rest/3.3.5/225fd803f4047cf880ec8c16227f38fa0e53d630/grails-plugin-rest-3.3.5.jar:/home/ernani/.gradle/caches/modules-2/files-2.1/org.grails/grails-plugin-databinding/3.3.5/91a4ae7fbd038eb5fbee5b3d6f2ae6291c562d34/grails-plugin-databinding-3.3.5.jar:/home/ernani/.gradle/caches/modules-2/files-2.1/org.grails/grails-plugin-i18n/3.3.5/5c35bb21615ea91332f9abce3f64a34daec6c182/grails-plugin-i18n-3.3.5.jar:/home/ernani/.gradle/caches/modules-2/files-2.1/org.grails/grails-plugin-services/3.3.5/5cbba2
Launcher Type: SUN_STANDARD

Environment Variables:
JAVA_HOME=/home/ernani/.sdkman/candidates/java/current
PATH=/home/ernani/.sdkman/candidates/java/current/bin:/home/ernani/.sdkman/candidates/groovy/current/bin:/home/ernani/.sdkman/candidates/grails/current/bin:/home/ernani/.cargo/bin:/usr/local/sbin:/usr/local/bin:/usr/sbin:/usr/bin:/sbin:/bin:/usr/games:/usr/local/games
SHELL=/bin/bash
DISPLAY=:0

Signal Handlers:
SIGSEGV: [libjvm.so+0xaced60], sa_mask[0]=11111111011111111101111111111110, sa_flags=SA_RESTART|SA_SIGINFO
SIGBUS: [libjvm.so+0xaced60], sa_mask[0]=11111111011111111101111111111110, sa_flags=SA_RESTART|SA_SIGINFO
SIGFPE: [libjvm.so+0x907ca0], sa_mask[0]=11111111011111111101111111111110, sa_flags=SA_RESTART|SA_SIGINFO
SIGPIPE: [libjvm.so+0x907ca0], sa_mask[0]=11111111011111111101111111111110, sa_flags=SA_RESTART|SA_SIGINFO
SIGXFSZ: [libjvm.so+0x907ca0], sa_mask[0]=11111111011111111101111111111110, sa_flags=SA_RESTART|SA_SIGINFO
SIGILL: [libjvm.so+0x907ca0], sa_mask[0]=11111111011111111101111111111110, sa_flags=SA_RESTART|SA_SIGINFO
SIGUSR1: SIG_DFL, sa_mask[0]=00000000000000000000000000000000, sa_flags=none
SIGUSR2: [libjvm.so+0x907b70], sa_mask[0]=00100000000000000000000000000000, sa_flags=SA_RESTART|SA_SIGINFO
SIGHUP: SIG_DFL, sa_mask[0]=00000000000000000000000000000000, sa_flags=none
SIGINT: SIG_DFL, sa_mask[0]=00000000000000000000000000000000, sa_flags=none
SIGTERM: SIG_DFL, sa_mask[0]=00000000000000000000000000000000, sa_flags=none
SIGQUIT: SIG_DFL, sa_mask[0]=00000000000000000000000000000000, sa_flags=none


---------------  S Y S T E M  ---------------

OS:DISTRIB_ID=LinuxMint
DISTRIB_RELEASE=19
DISTRIB_CODENAME=tara
DISTRIB_DESCRIPTION="Linux Mint 19 Tara"

uname:Linux 4.15.0-20-generic #21-Ubuntu SMP Tue Apr 24 06:16:15 UTC 2018 x86_64
libc:glibc 2.27 NPTL 2.27 
rlimit: STACK 8192k, CORE 0k, NPROC 11607, NOFILE 4096, AS infinity
load average:5.66 5.11 5.51

/proc/meminfo:
MemTotal:        3034256 kB
MemFree:          174708 kB
MemAvailable:     443332 kB
Buffers:           13508 kB
Cached:           540588 kB
SwapCached:            0 kB
Active:          2317688 kB
Inactive:         390264 kB
Active(anon):    2155264 kB
Inactive(anon):   167104 kB
Active(file):     162424 kB
Inactive(file):   223160 kB
Unevictable:          32 kB
Mlocked:              32 kB
SwapTotal:             0 kB
SwapFree:              0 kB
Dirty:              5800 kB
Writeback:             0 kB
AnonPages:       2153912 kB
Mapped:           278412 kB
Shmem:            168512 kB
Slab:              86300 kB
SReclaimable:      36936 kB
SUnreclaim:        49364 kB
KernelStack:        8224 kB
PageTables:        24764 kB
NFS_Unstable:          0 kB
Bounce:                0 kB
WritebackTmp:          0 kB
CommitLimit:     1517128 kB
Committed_AS:    5079060 kB
VmallocTotal:   34359738367 kB
VmallocUsed:           0 kB
VmallocChunk:          0 kB
HardwareCorrupted:     0 kB
AnonHugePages:         0 kB
ShmemHugePages:        0 kB
ShmemPmdMapped:        0 kB
CmaTotal:              0 kB
CmaFree:               0 kB
HugePages_Total:       0
HugePages_Free:        0
HugePages_Rsvd:        0
HugePages_Surp:        0
Hugepagesize:       2048 kB
DirectMap4k:      128300 kB
DirectMap2M:     2977792 kB

container (cgroup) information:
container_type: cgroupv1
cpu_cpuset_cpus: 0-1
cpu_memory_nodes: 0
active_processor_count: 2
cpu_quota: -1
cpu_period: 100000
cpu_shares: -1
memory_limit_in_bytes: -1
memory_and_swap_limit_in_bytes: -2
memory_soft_limit_in_bytes: -1
memory_usage_in_bytes: 2773086208
memory_max_usage_in_bytes: 1463615488


CPU:total 2 (initial active 2) (2 cores per cpu, 1 threads per core) family 6 model 23 stepping 10, cmov, cx8, fxsr, mmx, sse, sse2, sse3, ssse3, tsc

/proc/cpuinfo:
processor	: 0
vendor_id	: GenuineIntel
cpu family	: 6
model		: 23
model name	: Pentium(R) Dual-Core CPU       T4200  @ 2.00GHz
stepping	: 10
microcode	: 0xa07
cpu MHz		: 1995.003
cache size	: 1024 KB
physical id	: 0
siblings	: 2
core id		: 0
cpu cores	: 2
apicid		: 0
initial apicid	: 0
fpu		: yes
fpu_exception	: yes
cpuid level	: 13
wp		: yes
flags		: fpu vme de pse tsc msr pae mce cx8 apic sep mtrr pge mca cmov pat pse36 clflush dts acpi mmx fxsr sse sse2 ss ht tm pbe syscall nx lm constant_tsc arch_perfmon pebs bts rep_good nopl cpuid aperfmperf pni dtes64 monitor ds_cpl est tm2 ssse3 cx16 xtpr pdcm xsave lahf_lm pti dtherm
bugs		: cpu_meltdown spectre_v1 spectre_v2
bogomips	: 3990.00
clflush size	: 64
cache_alignment	: 64
address sizes	: 36 bits physical, 48 bits virtual
power management:

processor	: 1
vendor_id	: GenuineIntel
cpu family	: 6
model		: 23
model name	: Pentium(R) Dual-Core CPU       T4200  @ 2.00GHz
stepping	: 10
microcode	: 0xa07
cpu MHz		: 1995.006
cache size	: 1024 KB
physical id	: 0
siblings	: 2
core id		: 1
cpu cores	: 2
apicid		: 1
initial apicid	: 1
fpu		: yes
fpu_exception	: yes
cpuid level	: 13
wp		: yes
flags		: fpu vme de pse tsc msr pae mce cx8 apic sep mtrr pge mca cmov pat pse36 clflush dts acpi mmx fxsr sse sse2 ss ht tm pbe syscall nx lm constant_tsc arch_perfmon pebs bts rep_good nopl cpuid aperfmperf pni dtes64 monitor ds_cpl est tm2 ssse3 cx16 xtpr pdcm xsave lahf_lm pti dtherm
bugs		: cpu_meltdown spectre_v1 spectre_v2
bogomips	: 3990.00
clflush size	: 64
cache_alignment	: 64
address sizes	: 36 bits physical, 48 bits virtual
power management:



Memory: 4k page, physical 3034256k(174328k free), swap 0k(0k free)

vm_info: Java HotSpot(TM) 64-Bit Server VM (25.191-b12) for linux-amd64 JRE (1.8.0_191-b12), built on Oct  6 2018 05:43:09 by "java_re" with gcc 7.3.0

time: Mon Dec 24 15:38:05 2018
elapsed time: 0 seconds (0d 0h 0m 0s)

