ERROR StackTrace - Full Stack Trace:
java.lang.reflect.InvocationTargetException: null
	at sun.reflect.NativeMethodAccessorImpl.invoke0(Native Method)
	at sun.reflect.NativeMethodAccessorImpl.invoke(NativeMethodAccessorImpl.java:62)
	at sun.reflect.DelegatingMethodAccessorImpl.invoke(DelegatingMethodAccessorImpl.java:43)
	at java.lang.reflect.Method.invoke(Method.java:498)
	at org.springsource.loaded.ri.ReflectiveInterceptor.jlrMethodInvoke(ReflectiveInterceptor.java:1427)
	at org.grails.core.DefaultGrailsControllerClass$ReflectionInvoker.invoke(DefaultGrailsControllerClass.java:211)
	at org.grails.core.DefaultGrailsControllerClass.invoke(DefaultGrailsControllerClass.java:188)
	at org.grails.web.mapping.mvc.UrlMappingsInfoHandlerAdapter.handle(UrlMappingsInfoHandlerAdapter.groovy:90)
	at org.springframework.web.servlet.DispatcherServlet.doDispatch(DispatcherServlet.java:967)
	at org.springframework.web.servlet.DispatcherServlet.doService(DispatcherServlet.java:901)
	at org.springframework.web.servlet.FrameworkServlet.processRequest(FrameworkServlet.java:970)
	at org.springframework.web.servlet.FrameworkServlet.doPost(FrameworkServlet.java:872)
	at javax.servlet.http.HttpServlet.service(HttpServlet.java:661)
	at org.springframework.web.servlet.FrameworkServlet.service(FrameworkServlet.java:846)
	at javax.servlet.http.HttpServlet.service(HttpServlet.java:742)
	at org.apache.catalina.core.ApplicationFilterChain.internalDoFilter(ApplicationFilterChain.java:231)
	at org.apache.catalina.core.ApplicationFilterChain.doFilter(ApplicationFilterChain.java:166)
	at org.apache.tomcat.websocket.server.WsFilter.doFilter(WsFilter.java:52)
	at org.apache.catalina.core.ApplicationFilterChain.internalDoFilter(ApplicationFilterChain.java:193)
	at org.apache.catalina.core.ApplicationFilterChain.doFilter(ApplicationFilterChain.java:166)
	at org.springframework.boot.web.filter.ApplicationContextHeaderFilter.doFilterInternal(ApplicationContextHeaderFilter.java:55)
	at org.springframework.web.filter.OncePerRequestFilter.doFilter(OncePerRequestFilter.java:107)
	at org.apache.catalina.core.ApplicationFilterChain.internalDoFilter(ApplicationFilterChain.java:193)
	at org.apache.catalina.core.ApplicationFilterChain.doFilter(ApplicationFilterChain.java:166)
	at org.springframework.boot.actuate.trace.WebRequestTraceFilter.doFilterInternal(WebRequestTraceFilter.java:111)
	at org.springframework.web.filter.OncePerRequestFilter.doFilter(OncePerRequestFilter.java:107)
	at org.apache.catalina.core.ApplicationFilterChain.internalDoFilter(ApplicationFilterChain.java:193)
	at org.apache.catalina.core.ApplicationFilterChain.doFilter(ApplicationFilterChain.java:166)
	at org.grails.web.servlet.mvc.GrailsWebRequestFilter.doFilterInternal(GrailsWebRequestFilter.java:77)
	at org.springframework.web.filter.OncePerRequestFilter.doFilter(OncePerRequestFilter.java:107)
	at org.apache.catalina.core.ApplicationFilterChain.internalDoFilter(ApplicationFilterChain.java:193)
	at org.apache.catalina.core.ApplicationFilterChain.doFilter(ApplicationFilterChain.java:166)
	at org.grails.web.filters.HiddenHttpMethodFilter.doFilterInternal(HiddenHttpMethodFilter.java:67)
	at org.springframework.web.filter.OncePerRequestFilter.doFilter(OncePerRequestFilter.java:107)
	at org.apache.catalina.core.ApplicationFilterChain.internalDoFilter(ApplicationFilterChain.java:193)
	at org.apache.catalina.core.ApplicationFilterChain.doFilter(ApplicationFilterChain.java:166)
	at org.springframework.web.filter.CharacterEncodingFilter.doFilterInternal(CharacterEncodingFilter.java:197)
	at org.springframework.web.filter.OncePerRequestFilter.doFilter(OncePerRequestFilter.java:107)
	at org.apache.catalina.core.ApplicationFilterChain.internalDoFilter(ApplicationFilterChain.java:193)
	at org.apache.catalina.core.ApplicationFilterChain.doFilter(ApplicationFilterChain.java:166)
	at org.springframework.web.filter.CorsFilter.doFilterInternal(CorsFilter.java:96)
	at org.springframework.web.filter.OncePerRequestFilter.doFilter(OncePerRequestFilter.java:107)
	at org.apache.catalina.core.ApplicationFilterChain.internalDoFilter(ApplicationFilterChain.java:193)
	at org.apache.catalina.core.ApplicationFilterChain.doFilter(ApplicationFilterChain.java:166)
	at org.springframework.boot.actuate.autoconfigure.MetricsFilter.doFilterInternal(MetricsFilter.java:106)
	at org.springframework.web.filter.OncePerRequestFilter.doFilter(OncePerRequestFilter.java:107)
	at org.apache.catalina.core.ApplicationFilterChain.internalDoFilter(ApplicationFilterChain.java:193)
	at org.apache.catalina.core.ApplicationFilterChain.doFilter(ApplicationFilterChain.java:166)
	at org.apache.catalina.core.StandardWrapperValve.invoke(StandardWrapperValve.java:198)
	at org.apache.catalina.core.StandardContextValve.invoke(StandardContextValve.java:96)
	at org.apache.catalina.authenticator.AuthenticatorBase.invoke(AuthenticatorBase.java:496)
	at org.apache.catalina.core.StandardHostValve.invoke(StandardHostValve.java:140)
	at org.apache.catalina.valves.ErrorReportValve.invoke(ErrorReportValve.java:81)
	at org.apache.catalina.core.StandardEngineValve.invoke(StandardEngineValve.java:87)
	at org.apache.catalina.connector.CoyoteAdapter.service(CoyoteAdapter.java:342)
	at org.apache.coyote.http11.Http11Processor.service(Http11Processor.java:803)
	at org.apache.coyote.AbstractProcessorLight.process(AbstractProcessorLight.java:66)
	at org.apache.coyote.AbstractProtocol$ConnectionHandler.process(AbstractProtocol.java:790)
	at org.apache.tomcat.util.net.NioEndpoint$SocketProcessor.doRun(NioEndpoint.java:1459)
	at org.apache.tomcat.util.net.SocketProcessorBase.run(SocketProcessorBase.java:49)
	at java.util.concurrent.ThreadPoolExecutor.runWorker(ThreadPoolExecutor.java:1149)
	at java.util.concurrent.ThreadPoolExecutor$Worker.run(ThreadPoolExecutor.java:624)
	at org.apache.tomcat.util.threads.TaskThread$WrappingRunnable.run(TaskThread.java:61)
	at java.lang.Thread.run(Thread.java:748)
Caused by: groovy.lang.GroovyRuntimeException: Could not find matching constructor for: obi.journey.site.Estagio(java.lang.Integer)
	at groovy.lang.MetaClassImpl.invokeConstructor(MetaClassImpl.java:1742)
	at groovy.lang.MetaClassImpl.invokeConstructor(MetaClassImpl.java:1549)
	at org.codehaus.groovy.runtime.callsite.MetaClassConstructorSite.callConstructor(MetaClassConstructorSite.java:48)
	at org.codehaus.groovy.runtime.callsite.CallSiteArray.defaultCallConstructor(CallSiteArray.java:59)
	at org.codehaus.groovy.runtime.callsite.AbstractCallSite.callConstructor(AbstractCallSite.java:238)
	at org.codehaus.groovy.runtime.callsite.AbstractCallSite.callConstructor(AbstractCallSite.java:250)
	at obi.journey.site.UsuarioController.save(UsuarioController.groovy:72)
	at obi.journey.site.UsuarioController.save(UsuarioController.groovy)
	... 64 common frames omitted
ERROR StackTrace - Full Stack Trace:
groovy.lang.GroovyRuntimeException: Could not find matching constructor for: obi.journey.site.Estagio(java.lang.Integer)
	at groovy.lang.MetaClassImpl.invokeConstructor(MetaClassImpl.java:1742)
	at groovy.lang.MetaClassImpl.invokeConstructor(MetaClassImpl.java:1549)
	at org.codehaus.groovy.runtime.callsite.MetaClassConstructorSite.callConstructor(MetaClassConstructorSite.java:48)
	at org.codehaus.groovy.runtime.callsite.CallSiteArray.defaultCallConstructor(CallSiteArray.java:59)
	at org.codehaus.groovy.runtime.callsite.AbstractCallSite.callConstructor(AbstractCallSite.java:238)
	at org.codehaus.groovy.runtime.callsite.AbstractCallSite.callConstructor(AbstractCallSite.java:250)
	at obi.journey.site.UsuarioController.save(UsuarioController.groovy:72)
	at obi.journey.site.UsuarioController.save(UsuarioController.groovy)
	at sun.reflect.NativeMethodAccessorImpl.invoke0(Native Method)
	at sun.reflect.NativeMethodAccessorImpl.invoke(NativeMethodAccessorImpl.java:62)
	at sun.reflect.DelegatingMethodAccessorImpl.invoke(DelegatingMethodAccessorImpl.java:43)
	at java.lang.reflect.Method.invoke(Method.java:498)
	at org.springsource.loaded.ri.ReflectiveInterceptor.jlrMethodInvoke(ReflectiveInterceptor.java:1427)
	at org.grails.core.DefaultGrailsControllerClass$ReflectionInvoker.invoke(DefaultGrailsControllerClass.java:211)
	at org.grails.core.DefaultGrailsControllerClass.invoke(DefaultGrailsControllerClass.java:188)
	at org.grails.web.mapping.mvc.UrlMappingsInfoHandlerAdapter.handle(UrlMappingsInfoHandlerAdapter.groovy:90)
	at org.springframework.web.servlet.DispatcherServlet.doDispatch(DispatcherServlet.java:967)
	at org.springframework.web.servlet.DispatcherServlet.doService(DispatcherServlet.java:901)
	at org.springframework.web.servlet.FrameworkServlet.processRequest(FrameworkServlet.java:970)
	at org.springframework.web.servlet.FrameworkServlet.doPost(FrameworkServlet.java:872)
	at javax.servlet.http.HttpServlet.service(HttpServlet.java:661)
	at org.springframework.web.servlet.FrameworkServlet.service(FrameworkServlet.java:846)
	at javax.servlet.http.HttpServlet.service(HttpServlet.java:742)
	at org.apache.catalina.core.ApplicationFilterChain.internalDoFilter(ApplicationFilterChain.java:231)
	at org.apache.catalina.core.ApplicationFilterChain.doFilter(ApplicationFilterChain.java:166)
	at org.apache.tomcat.websocket.server.WsFilter.doFilter(WsFilter.java:52)
	at org.apache.catalina.core.ApplicationFilterChain.internalDoFilter(ApplicationFilterChain.java:193)
	at org.apache.catalina.core.ApplicationFilterChain.doFilter(ApplicationFilterChain.java:166)
	at org.springframework.boot.web.filter.ApplicationContextHeaderFilter.doFilterInternal(ApplicationContextHeaderFilter.java:55)
	at org.springframework.web.filter.OncePerRequestFilter.doFilter(OncePerRequestFilter.java:107)
	at org.apache.catalina.core.ApplicationFilterChain.internalDoFilter(ApplicationFilterChain.java:193)
	at org.apache.catalina.core.ApplicationFilterChain.doFilter(ApplicationFilterChain.java:166)
	at org.springframework.boot.actuate.trace.WebRequestTraceFilter.doFilterInternal(WebRequestTraceFilter.java:111)
	at org.springframework.web.filter.OncePerRequestFilter.doFilter(OncePerRequestFilter.java:107)
	at org.apache.catalina.core.ApplicationFilterChain.internalDoFilter(ApplicationFilterChain.java:193)
	at org.apache.catalina.core.ApplicationFilterChain.doFilter(ApplicationFilterChain.java:166)
	at org.grails.web.servlet.mvc.GrailsWebRequestFilter.doFilterInternal(GrailsWebRequestFilter.java:77)
	at org.springframework.web.filter.OncePerRequestFilter.doFilter(OncePerRequestFilter.java:107)
	at org.apache.catalina.core.ApplicationFilterChain.internalDoFilter(ApplicationFilterChain.java:193)
	at org.apache.catalina.core.ApplicationFilterChain.doFilter(ApplicationFilterChain.java:166)
	at org.grails.web.filters.HiddenHttpMethodFilter.doFilterInternal(HiddenHttpMethodFilter.java:67)
	at org.springframework.web.filter.OncePerRequestFilter.doFilter(OncePerRequestFilter.java:107)
	at org.apache.catalina.core.ApplicationFilterChain.internalDoFilter(ApplicationFilterChain.java:193)
	at org.apache.catalina.core.ApplicationFilterChain.doFilter(ApplicationFilterChain.java:166)
	at org.springframework.web.filter.CharacterEncodingFilter.doFilterInternal(CharacterEncodingFilter.java:197)
	at org.springframework.web.filter.OncePerRequestFilter.doFilter(OncePerRequestFilter.java:107)
	at org.apache.catalina.core.ApplicationFilterChain.internalDoFilter(ApplicationFilterChain.java:193)
	at org.apache.catalina.core.ApplicationFilterChain.doFilter(ApplicationFilterChain.java:166)
	at org.springframework.web.filter.CorsFilter.doFilterInternal(CorsFilter.java:96)
	at org.springframework.web.filter.OncePerRequestFilter.doFilter(OncePerRequestFilter.java:107)
	at org.apache.catalina.core.ApplicationFilterChain.internalDoFilter(ApplicationFilterChain.java:193)
	at org.apache.catalina.core.ApplicationFilterChain.doFilter(ApplicationFilterChain.java:166)
	at org.springframework.boot.actuate.autoconfigure.MetricsFilter.doFilterInternal(MetricsFilter.java:106)
	at org.springframework.web.filter.OncePerRequestFilter.doFilter(OncePerRequestFilter.java:107)
	at org.apache.catalina.core.ApplicationFilterChain.internalDoFilter(ApplicationFilterChain.java:193)
	at org.apache.catalina.core.ApplicationFilterChain.doFilter(ApplicationFilterChain.java:166)
	at org.apache.catalina.core.StandardWrapperValve.invoke(StandardWrapperValve.java:198)
	at org.apache.catalina.core.StandardContextValve.invoke(StandardContextValve.java:96)
	at org.apache.catalina.authenticator.AuthenticatorBase.invoke(AuthenticatorBase.java:496)
	at org.apache.catalina.core.StandardHostValve.invoke(StandardHostValve.java:140)
	at org.apache.catalina.valves.ErrorReportValve.invoke(ErrorReportValve.java:81)
	at org.apache.catalina.core.StandardEngineValve.invoke(StandardEngineValve.java:87)
	at org.apache.catalina.connector.CoyoteAdapter.service(CoyoteAdapter.java:342)
	at org.apache.coyote.http11.Http11Processor.service(Http11Processor.java:803)
	at org.apache.coyote.AbstractProcessorLight.process(AbstractProcessorLight.java:66)
	at org.apache.coyote.AbstractProtocol$ConnectionHandler.process(AbstractProtocol.java:790)
	at org.apache.tomcat.util.net.NioEndpoint$SocketProcessor.doRun(NioEndpoint.java:1459)
	at org.apache.tomcat.util.net.SocketProcessorBase.run(SocketProcessorBase.java:49)
	at java.util.concurrent.ThreadPoolExecutor.runWorker(ThreadPoolExecutor.java:1149)
	at java.util.concurrent.ThreadPoolExecutor$Worker.run(ThreadPoolExecutor.java:624)
	at org.apache.tomcat.util.threads.TaskThread$WrappingRunnable.run(TaskThread.java:61)
	at java.lang.Thread.run(Thread.java:748)
ERROR StackTrace - Full Stack Trace:
java.lang.reflect.InvocationTargetException: null
	at org.grails.core.DefaultGrailsControllerClass$ReflectionInvoker.invoke(DefaultGrailsControllerClass.java:211)
	at org.grails.core.DefaultGrailsControllerClass.invoke(DefaultGrailsControllerClass.java:188)
	at org.grails.web.mapping.mvc.UrlMappingsInfoHandlerAdapter.handle(UrlMappingsInfoHandlerAdapter.groovy:90)
	at org.springframework.web.servlet.DispatcherServlet.doDispatch(DispatcherServlet.java:967)
	at org.springframework.web.servlet.DispatcherServlet.doService(DispatcherServlet.java:901)
	at org.springframework.web.servlet.FrameworkServlet.processRequest(FrameworkServlet.java:970)
	at org.springframework.web.servlet.FrameworkServlet.doPost(FrameworkServlet.java:872)
	at org.springframework.web.servlet.FrameworkServlet.service(FrameworkServlet.java:846)
	at org.springframework.boot.web.filter.ApplicationContextHeaderFilter.doFilterInternal(ApplicationContextHeaderFilter.java:55)
	at org.grails.web.servlet.mvc.GrailsWebRequestFilter.doFilterInternal(GrailsWebRequestFilter.java:77)
	at org.grails.web.filters.HiddenHttpMethodFilter.doFilterInternal(HiddenHttpMethodFilter.java:67)
	at java.util.concurrent.ThreadPoolExecutor.runWorker(ThreadPoolExecutor.java:1149)
	at java.util.concurrent.ThreadPoolExecutor$Worker.run(ThreadPoolExecutor.java:624)
	at java.lang.Thread.run(Thread.java:748)
Caused by: groovy.lang.GroovyRuntimeException: Could not find matching constructor for: obi.journey.site.Estagio(java.lang.Integer)
	at obi.journey.site.UsuarioController.save(UsuarioController.groovy:72)
	... 14 common frames omitted
ERROR StackTrace - Full Stack Trace:
java.lang.NullPointerException: Cannot get property 'session' on null object
	at org.codehaus.groovy.runtime.NullObject.getProperty(NullObject.java:60)
	at org.codehaus.groovy.runtime.InvokerHelper.getProperty(InvokerHelper.java:190)
	at org.codehaus.groovy.runtime.callsite.NullCallSite.getProperty(NullCallSite.java:46)
	at org.codehaus.groovy.runtime.callsite.AbstractCallSite.callGetProperty(AbstractCallSite.java:299)
	at home_ernani_dev_obi_journey_site_grails_app_views_layouts_main_gsp$_run_closure2.doCall(home_ernani_dev_obi_journey_site_grails_app_views_layouts_main_gsp:49)
	at sun.reflect.NativeMethodAccessorImpl.invoke0(Native Method)
	at sun.reflect.NativeMethodAccessorImpl.invoke(NativeMethodAccessorImpl.java:62)
	at sun.reflect.DelegatingMethodAccessorImpl.invoke(DelegatingMethodAccessorImpl.java:43)
	at java.lang.reflect.Method.invoke(Method.java:498)
	at org.springsource.loaded.ri.ReflectiveInterceptor.jlrMethodInvoke(ReflectiveInterceptor.java:1433)
	at org.codehaus.groovy.reflection.CachedMethod.invoke(CachedMethod.java:98)
	at groovy.lang.MetaMethod.doMethodInvoke(MetaMethod.java:325)
	at org.codehaus.groovy.runtime.metaclass.ClosureMetaClass.invokeMethod(ClosureMetaClass.java:264)
	at groovy.lang.MetaClassImpl.invokeMethod(MetaClassImpl.java:1034)
	at groovy.lang.Closure.call(Closure.java:418)
	at groovy.lang.Closure.call(Closure.java:412)
	at org.grails.taglib.TagBodyClosure.executeClosure(TagBodyClosure.java:200)
	at org.grails.taglib.TagBodyClosure.captureClosureOutput(TagBodyClosure.java:102)
	at org.grails.taglib.TagBodyClosure.call(TagBodyClosure.java:213)
	at org.grails.plugins.web.taglib.SitemeshTagLib.captureTagContent(SitemeshTagLib.groovy:48)
	at org.grails.plugins.web.taglib.SitemeshTagLib.captureTagContent(SitemeshTagLib.groovy)
	at org.grails.plugins.web.taglib.SitemeshTagLib$_closure3.doCall(SitemeshTagLib.groovy:156)
	at sun.reflect.GeneratedMethodAccessor327.invoke(Unknown Source)
	at sun.reflect.DelegatingMethodAccessorImpl.invoke(DelegatingMethodAccessorImpl.java:43)
	at java.lang.reflect.Method.invoke(Method.java:498)
	at org.springsource.loaded.ri.ReflectiveInterceptor.jlrMethodInvoke(ReflectiveInterceptor.java:1433)
	at org.codehaus.groovy.reflection.CachedMethod.invoke(CachedMethod.java:98)
	at groovy.lang.MetaMethod.doMethodInvoke(MetaMethod.java:325)
	at org.codehaus.groovy.runtime.metaclass.ClosureMetaClass.invokeMethod(ClosureMetaClass.java:264)
	at groovy.lang.MetaClassImpl.invokeMethod(MetaClassImpl.java:1034)
	at groovy.lang.Closure.call(Closure.java:418)
	at org.grails.gsp.GroovyPage.invokeTagLibClosure(GroovyPage.java:446)
	at org.grails.gsp.GroovyPage.invokeTag(GroovyPage.java:364)
	at org.grails.gsp.GroovyPage$invokeTag$4.callCurrent(Unknown Source)
	at org.codehaus.groovy.runtime.callsite.CallSiteArray.defaultCallCurrent(CallSiteArray.java:51)
	at org.codehaus.groovy.runtime.callsite.AbstractCallSite.callCurrent(AbstractCallSite.java:157)
	at home_ernani_dev_obi_journey_site_grails_app_views_layouts_main_gsp.run(home_ernani_dev_obi_journey_site_grails_app_views_layouts_main_gsp:73)
	at org.grails.gsp.GroovyPageWritable.doWriteTo(GroovyPageWritable.java:162)
	at org.grails.gsp.GroovyPageWritable.writeTo(GroovyPageWritable.java:82)
	at org.grails.web.servlet.view.GroovyPageView.renderTemplate(GroovyPageView.java:76)
	at org.grails.web.servlet.view.AbstractGrailsView.renderWithinGrailsWebRequest(AbstractGrailsView.java:71)
	at org.grails.web.servlet.view.AbstractGrailsView.renderMergedOutputModel(AbstractGrailsView.java:55)
	at org.springframework.web.servlet.view.AbstractView.render(AbstractView.java:303)
	at org.grails.web.sitemesh.SpringMVCViewDecorator.render(SpringMVCViewDecorator.java:69)
	at org.grails.web.sitemesh.GrailsLayoutView.renderTemplate(GrailsLayoutView.java:83)
	at org.grails.web.servlet.view.AbstractGrailsView.renderWithinGrailsWebRequest(AbstractGrailsView.java:71)
	at org.grails.web.servlet.view.AbstractGrailsView.renderMergedOutputModel(AbstractGrailsView.java:55)
	at org.springframework.web.servlet.view.AbstractView.render(AbstractView.java:303)
	at org.springframework.web.servlet.DispatcherServlet.render(DispatcherServlet.java:1286)
	at org.springframework.web.servlet.DispatcherServlet.processDispatchResult(DispatcherServlet.java:1041)
	at org.springframework.web.servlet.DispatcherServlet.doDispatch(DispatcherServlet.java:984)
	at org.springframework.web.servlet.DispatcherServlet.doService(DispatcherServlet.java:901)
	at org.springframework.web.servlet.FrameworkServlet.processRequest(FrameworkServlet.java:970)
	at org.springframework.web.servlet.FrameworkServlet.doGet(FrameworkServlet.java:861)
	at javax.servlet.http.HttpServlet.service(HttpServlet.java:622)
	at org.springframework.web.servlet.FrameworkServlet.service(FrameworkServlet.java:846)
	at javax.servlet.http.HttpServlet.service(HttpServlet.java:729)
	at org.apache.catalina.core.ApplicationFilterChain.internalDoFilter(ApplicationFilterChain.java:230)
	at org.apache.catalina.core.ApplicationFilterChain.doFilter(ApplicationFilterChain.java:165)
	at org.apache.tomcat.websocket.server.WsFilter.doFilter(WsFilter.java:52)
	at org.apache.catalina.core.ApplicationFilterChain.internalDoFilter(ApplicationFilterChain.java:192)
	at org.apache.catalina.core.ApplicationFilterChain.doFilter(ApplicationFilterChain.java:165)
	at org.springframework.boot.web.filter.ApplicationContextHeaderFilter.doFilterInternal(ApplicationContextHeaderFilter.java:55)
	at org.springframework.web.filter.OncePerRequestFilter.doFilter(OncePerRequestFilter.java:107)
	at org.apache.catalina.core.ApplicationFilterChain.internalDoFilter(ApplicationFilterChain.java:192)
	at org.apache.catalina.core.ApplicationFilterChain.doFilter(ApplicationFilterChain.java:165)
	at org.springframework.boot.actuate.trace.WebRequestTraceFilter.doFilterInternal(WebRequestTraceFilter.java:111)
	at org.springframework.web.filter.OncePerRequestFilter.doFilter(OncePerRequestFilter.java:107)
	at org.apache.catalina.core.ApplicationFilterChain.internalDoFilter(ApplicationFilterChain.java:192)
	at org.apache.catalina.core.ApplicationFilterChain.doFilter(ApplicationFilterChain.java:165)
	at org.grails.web.servlet.mvc.GrailsWebRequestFilter.doFilterInternal(GrailsWebRequestFilter.java:77)
	at org.springframework.web.filter.OncePerRequestFilter.doFilter(OncePerRequestFilter.java:107)
	at org.apache.catalina.core.ApplicationFilterChain.internalDoFilter(ApplicationFilterChain.java:192)
	at org.apache.catalina.core.ApplicationFilterChain.doFilter(ApplicationFilterChain.java:165)
	at org.grails.web.filters.HiddenHttpMethodFilter.doFilterInternal(HiddenHttpMethodFilter.java:67)
	at org.springframework.web.filter.OncePerRequestFilter.doFilter(OncePerRequestFilter.java:107)
	at org.apache.catalina.core.ApplicationFilterChain.internalDoFilter(ApplicationFilterChain.java:192)
	at org.apache.catalina.core.ApplicationFilterChain.doFilter(ApplicationFilterChain.java:165)
	at org.springframework.web.filter.CharacterEncodingFilter.doFilterInternal(CharacterEncodingFilter.java:197)
	at org.springframework.web.filter.OncePerRequestFilter.doFilter(OncePerRequestFilter.java:107)
	at org.apache.catalina.core.ApplicationFilterChain.internalDoFilter(ApplicationFilterChain.java:192)
	at org.apache.catalina.core.ApplicationFilterChain.doFilter(ApplicationFilterChain.java:165)
	at org.springframework.web.filter.CorsFilter.doFilterInternal(CorsFilter.java:96)
	at org.springframework.web.filter.OncePerRequestFilter.doFilter(OncePerRequestFilter.java:107)
	at org.apache.catalina.core.ApplicationFilterChain.internalDoFilter(ApplicationFilterChain.java:192)
	at org.apache.catalina.core.ApplicationFilterChain.doFilter(ApplicationFilterChain.java:165)
	at org.springframework.boot.actuate.autoconfigure.MetricsFilter.doFilterInternal(MetricsFilter.java:106)
	at org.springframework.web.filter.OncePerRequestFilter.doFilter(OncePerRequestFilter.java:107)
	at org.apache.catalina.core.ApplicationFilterChain.internalDoFilter(ApplicationFilterChain.java:192)
	at org.apache.catalina.core.ApplicationFilterChain.doFilter(ApplicationFilterChain.java:165)
	at org.apache.catalina.core.StandardWrapperValve.invoke(StandardWrapperValve.java:198)
	at org.apache.catalina.core.StandardContextValve.invoke(StandardContextValve.java:96)
	at org.apache.catalina.authenticator.AuthenticatorBase.invoke(AuthenticatorBase.java:474)
	at org.apache.catalina.core.StandardHostValve.invoke(StandardHostValve.java:140)
	at org.apache.catalina.valves.ErrorReportValve.invoke(ErrorReportValve.java:79)
	at org.apache.catalina.core.StandardEngineValve.invoke(StandardEngineValve.java:87)
	at org.apache.catalina.connector.CoyoteAdapter.service(CoyoteAdapter.java:349)
	at org.apache.coyote.http11.Http11Processor.service(Http11Processor.java:783)
	at org.apache.coyote.AbstractProcessorLight.process(AbstractProcessorLight.java:66)
	at org.apache.coyote.AbstractProtocol$ConnectionHandler.process(AbstractProtocol.java:798)
	at org.apache.tomcat.util.net.NioEndpoint$SocketProcessor.doRun(NioEndpoint.java:1434)
	at org.apache.tomcat.util.net.SocketProcessorBase.run(SocketProcessorBase.java:49)
	at java.util.concurrent.ThreadPoolExecutor.runWorker(ThreadPoolExecutor.java:1149)
	at java.util.concurrent.ThreadPoolExecutor$Worker.run(ThreadPoolExecutor.java:624)
	at org.apache.tomcat.util.threads.TaskThread$WrappingRunnable.run(TaskThread.java:61)
	at java.lang.Thread.run(Thread.java:748)
ERROR StackTrace - Full Stack Trace:
java.lang.NullPointerException: Cannot get property 'session' on null object
	at home_ernani_dev_obi_journey_site_grails_app_views_layouts_main_gsp$_run_closure2.doCall(home_ernani_dev_obi_journey_site_grails_app_views_layouts_main_gsp:49)
	at org.grails.taglib.TagBodyClosure.executeClosure(TagBodyClosure.java:200)
	at org.grails.taglib.TagBodyClosure.captureClosureOutput(TagBodyClosure.java:102)
	at org.grails.taglib.TagBodyClosure.call(TagBodyClosure.java:213)
	at org.grails.plugins.web.taglib.SitemeshTagLib.captureTagContent(SitemeshTagLib.groovy:48)
	at org.grails.plugins.web.taglib.SitemeshTagLib$_closure3.doCall(SitemeshTagLib.groovy:156)
	at org.grails.gsp.GroovyPage.invokeTagLibClosure(GroovyPage.java:446)
	at org.grails.gsp.GroovyPage.invokeTag(GroovyPage.java:364)
	at home_ernani_dev_obi_journey_site_grails_app_views_layouts_main_gsp.run(home_ernani_dev_obi_journey_site_grails_app_views_layouts_main_gsp:73)
	at org.grails.gsp.GroovyPageWritable.doWriteTo(GroovyPageWritable.java:162)
	at org.grails.gsp.GroovyPageWritable.writeTo(GroovyPageWritable.java:82)
	at org.grails.web.servlet.view.GroovyPageView.renderTemplate(GroovyPageView.java:76)
	at org.grails.web.servlet.view.AbstractGrailsView.renderWithinGrailsWebRequest(AbstractGrailsView.java:71)
	at org.grails.web.servlet.view.AbstractGrailsView.renderMergedOutputModel(AbstractGrailsView.java:55)
	at org.springframework.web.servlet.view.AbstractView.render(AbstractView.java:303)
	at org.grails.web.sitemesh.SpringMVCViewDecorator.render(SpringMVCViewDecorator.java:69)
	at org.grails.web.sitemesh.GrailsLayoutView.renderTemplate(GrailsLayoutView.java:83)
	at org.grails.web.servlet.view.AbstractGrailsView.renderWithinGrailsWebRequest(AbstractGrailsView.java:71)
	at org.grails.web.servlet.view.AbstractGrailsView.renderMergedOutputModel(AbstractGrailsView.java:55)
	at org.springframework.web.servlet.view.AbstractView.render(AbstractView.java:303)
	at org.springframework.web.servlet.DispatcherServlet.render(DispatcherServlet.java:1286)
	at org.springframework.web.servlet.DispatcherServlet.processDispatchResult(DispatcherServlet.java:1041)
	at org.springframework.web.servlet.DispatcherServlet.doDispatch(DispatcherServlet.java:984)
	at org.springframework.web.servlet.DispatcherServlet.doService(DispatcherServlet.java:901)
	at org.springframework.web.servlet.FrameworkServlet.processRequest(FrameworkServlet.java:970)
	at org.springframework.web.servlet.FrameworkServlet.doGet(FrameworkServlet.java:861)
	at org.springframework.web.servlet.FrameworkServlet.service(FrameworkServlet.java:846)
	at org.springframework.boot.web.filter.ApplicationContextHeaderFilter.doFilterInternal(ApplicationContextHeaderFilter.java:55)
	at org.grails.web.servlet.mvc.GrailsWebRequestFilter.doFilterInternal(GrailsWebRequestFilter.java:77)
	at org.grails.web.filters.HiddenHttpMethodFilter.doFilterInternal(HiddenHttpMethodFilter.java:67)
	at java.util.concurrent.ThreadPoolExecutor.runWorker(ThreadPoolExecutor.java:1149)
	at java.util.concurrent.ThreadPoolExecutor$Worker.run(ThreadPoolExecutor.java:624)
	at java.lang.Thread.run(Thread.java:748)
ERROR StackTrace - Full Stack Trace:
java.lang.NullPointerException: Cannot get property 'session' on null object
	at org.codehaus.groovy.runtime.NullObject.getProperty(NullObject.java:60)
	at org.codehaus.groovy.runtime.InvokerHelper.getProperty(InvokerHelper.java:190)
	at org.codehaus.groovy.runtime.callsite.NullCallSite.getProperty(NullCallSite.java:46)
	at org.codehaus.groovy.runtime.callsite.AbstractCallSite.callGetProperty(AbstractCallSite.java:299)
	at home_ernani_dev_obi_journey_site_grails_app_views_layouts_main_gsp$_run_closure2.doCall(home_ernani_dev_obi_journey_site_grails_app_views_layouts_main_gsp:49)
	at sun.reflect.NativeMethodAccessorImpl.invoke0(Native Method)
	at sun.reflect.NativeMethodAccessorImpl.invoke(NativeMethodAccessorImpl.java:62)
	at sun.reflect.DelegatingMethodAccessorImpl.invoke(DelegatingMethodAccessorImpl.java:43)
	at java.lang.reflect.Method.invoke(Method.java:498)
	at org.springsource.loaded.ri.ReflectiveInterceptor.jlrMethodInvoke(ReflectiveInterceptor.java:1433)
	at org.codehaus.groovy.reflection.CachedMethod.invoke(CachedMethod.java:98)
	at groovy.lang.MetaMethod.doMethodInvoke(MetaMethod.java:325)
	at org.codehaus.groovy.runtime.metaclass.ClosureMetaClass.invokeMethod(ClosureMetaClass.java:264)
	at groovy.lang.MetaClassImpl.invokeMethod(MetaClassImpl.java:1034)
	at groovy.lang.Closure.call(Closure.java:418)
	at groovy.lang.Closure.call(Closure.java:412)
	at org.grails.taglib.TagBodyClosure.executeClosure(TagBodyClosure.java:200)
	at org.grails.taglib.TagBodyClosure.captureClosureOutput(TagBodyClosure.java:102)
	at org.grails.taglib.TagBodyClosure.call(TagBodyClosure.java:213)
	at org.grails.plugins.web.taglib.SitemeshTagLib.captureTagContent(SitemeshTagLib.groovy:48)
	at org.grails.plugins.web.taglib.SitemeshTagLib.captureTagContent(SitemeshTagLib.groovy)
	at org.grails.plugins.web.taglib.SitemeshTagLib$_closure3.doCall(SitemeshTagLib.groovy:156)
	at sun.reflect.GeneratedMethodAccessor327.invoke(Unknown Source)
	at sun.reflect.DelegatingMethodAccessorImpl.invoke(DelegatingMethodAccessorImpl.java:43)
	at java.lang.reflect.Method.invoke(Method.java:498)
	at org.springsource.loaded.ri.ReflectiveInterceptor.jlrMethodInvoke(ReflectiveInterceptor.java:1433)
	at org.codehaus.groovy.reflection.CachedMethod.invoke(CachedMethod.java:98)
	at groovy.lang.MetaMethod.doMethodInvoke(MetaMethod.java:325)
	at org.codehaus.groovy.runtime.metaclass.ClosureMetaClass.invokeMethod(ClosureMetaClass.java:264)
	at groovy.lang.MetaClassImpl.invokeMethod(MetaClassImpl.java:1034)
	at groovy.lang.Closure.call(Closure.java:418)
	at org.grails.gsp.GroovyPage.invokeTagLibClosure(GroovyPage.java:446)
	at org.grails.gsp.GroovyPage.invokeTag(GroovyPage.java:364)
	at org.grails.gsp.GroovyPage$invokeTag$4.callCurrent(Unknown Source)
	at home_ernani_dev_obi_journey_site_grails_app_views_layouts_main_gsp.run(home_ernani_dev_obi_journey_site_grails_app_views_layouts_main_gsp:73)
	at org.grails.gsp.GroovyPageWritable.doWriteTo(GroovyPageWritable.java:162)
	at org.grails.gsp.GroovyPageWritable.writeTo(GroovyPageWritable.java:82)
	at org.grails.web.servlet.view.GroovyPageView.renderTemplate(GroovyPageView.java:76)
	at org.grails.web.servlet.view.AbstractGrailsView.renderWithinGrailsWebRequest(AbstractGrailsView.java:71)
	at org.grails.web.servlet.view.AbstractGrailsView.renderMergedOutputModel(AbstractGrailsView.java:55)
	at org.springframework.web.servlet.view.AbstractView.render(AbstractView.java:303)
	at org.grails.web.sitemesh.SpringMVCViewDecorator.render(SpringMVCViewDecorator.java:69)
	at org.grails.web.sitemesh.GrailsLayoutView.renderTemplate(GrailsLayoutView.java:83)
	at org.grails.web.servlet.view.AbstractGrailsView.renderWithinGrailsWebRequest(AbstractGrailsView.java:71)
	at org.grails.web.servlet.view.AbstractGrailsView.renderMergedOutputModel(AbstractGrailsView.java:55)
	at org.springframework.web.servlet.view.AbstractView.render(AbstractView.java:303)
	at org.springframework.web.servlet.DispatcherServlet.render(DispatcherServlet.java:1286)
	at org.springframework.web.servlet.DispatcherServlet.processDispatchResult(DispatcherServlet.java:1041)
	at org.springframework.web.servlet.DispatcherServlet.doDispatch(DispatcherServlet.java:984)
	at org.springframework.web.servlet.DispatcherServlet.doService(DispatcherServlet.java:901)
	at org.springframework.web.servlet.FrameworkServlet.processRequest(FrameworkServlet.java:970)
	at org.springframework.web.servlet.FrameworkServlet.doGet(FrameworkServlet.java:861)
	at javax.servlet.http.HttpServlet.service(HttpServlet.java:622)
	at org.springframework.web.servlet.FrameworkServlet.service(FrameworkServlet.java:846)
	at javax.servlet.http.HttpServlet.service(HttpServlet.java:729)
	at org.apache.catalina.core.ApplicationFilterChain.internalDoFilter(ApplicationFilterChain.java:230)
	at org.apache.catalina.core.ApplicationFilterChain.doFilter(ApplicationFilterChain.java:165)
	at org.apache.catalina.core.ApplicationDispatcher.invoke(ApplicationDispatcher.java:726)
	at org.apache.catalina.core.ApplicationDispatcher.processRequest(ApplicationDispatcher.java:471)
	at org.apache.catalina.core.ApplicationDispatcher.doForward(ApplicationDispatcher.java:394)
	at org.apache.catalina.core.ApplicationDispatcher.forward(ApplicationDispatcher.java:311)
	at org.apache.catalina.core.StandardHostValve.custom(StandardHostValve.java:395)
	at org.apache.catalina.core.StandardHostValve.status(StandardHostValve.java:254)
	at org.apache.catalina.core.StandardHostValve.throwable(StandardHostValve.java:349)
	at org.apache.catalina.core.StandardHostValve.invoke(StandardHostValve.java:175)
	at org.apache.catalina.valves.ErrorReportValve.invoke(ErrorReportValve.java:79)
	at org.apache.catalina.core.StandardEngineValve.invoke(StandardEngineValve.java:87)
	at org.apache.catalina.connector.CoyoteAdapter.service(CoyoteAdapter.java:349)
	at org.apache.coyote.http11.Http11Processor.service(Http11Processor.java:783)
	at org.apache.coyote.AbstractProcessorLight.process(AbstractProcessorLight.java:66)
	at org.apache.coyote.AbstractProtocol$ConnectionHandler.process(AbstractProtocol.java:798)
	at org.apache.tomcat.util.net.NioEndpoint$SocketProcessor.doRun(NioEndpoint.java:1434)
	at org.apache.tomcat.util.net.SocketProcessorBase.run(SocketProcessorBase.java:49)
	at java.util.concurrent.ThreadPoolExecutor.runWorker(ThreadPoolExecutor.java:1149)
	at java.util.concurrent.ThreadPoolExecutor$Worker.run(ThreadPoolExecutor.java:624)
	at org.apache.tomcat.util.threads.TaskThread$WrappingRunnable.run(TaskThread.java:61)
	at java.lang.Thread.run(Thread.java:748)
ERROR StackTrace - Full Stack Trace:
java.lang.NullPointerException: Cannot get property 'session' on null object
	at home_ernani_dev_obi_journey_site_grails_app_views_layouts_main_gsp$_run_closure2.doCall(home_ernani_dev_obi_journey_site_grails_app_views_layouts_main_gsp:49)
	at org.grails.taglib.TagBodyClosure.executeClosure(TagBodyClosure.java:200)
	at org.grails.taglib.TagBodyClosure.captureClosureOutput(TagBodyClosure.java:102)
	at org.grails.taglib.TagBodyClosure.call(TagBodyClosure.java:213)
	at org.grails.plugins.web.taglib.SitemeshTagLib.captureTagContent(SitemeshTagLib.groovy:48)
	at org.grails.plugins.web.taglib.SitemeshTagLib$_closure3.doCall(SitemeshTagLib.groovy:156)
	at org.grails.gsp.GroovyPage.invokeTagLibClosure(GroovyPage.java:446)
	at org.grails.gsp.GroovyPage.invokeTag(GroovyPage.java:364)
	at home_ernani_dev_obi_journey_site_grails_app_views_layouts_main_gsp.run(home_ernani_dev_obi_journey_site_grails_app_views_layouts_main_gsp:73)
	at org.grails.gsp.GroovyPageWritable.doWriteTo(GroovyPageWritable.java:162)
	at org.grails.gsp.GroovyPageWritable.writeTo(GroovyPageWritable.java:82)
	at org.grails.web.servlet.view.GroovyPageView.renderTemplate(GroovyPageView.java:76)
	at org.grails.web.servlet.view.AbstractGrailsView.renderWithinGrailsWebRequest(AbstractGrailsView.java:71)
	at org.grails.web.servlet.view.AbstractGrailsView.renderMergedOutputModel(AbstractGrailsView.java:55)
	at org.springframework.web.servlet.view.AbstractView.render(AbstractView.java:303)
	at org.grails.web.sitemesh.SpringMVCViewDecorator.render(SpringMVCViewDecorator.java:69)
	at org.grails.web.sitemesh.GrailsLayoutView.renderTemplate(GrailsLayoutView.java:83)
	at org.grails.web.servlet.view.AbstractGrailsView.renderWithinGrailsWebRequest(AbstractGrailsView.java:71)
	at org.grails.web.servlet.view.AbstractGrailsView.renderMergedOutputModel(AbstractGrailsView.java:55)
	at org.springframework.web.servlet.view.AbstractView.render(AbstractView.java:303)
	at org.springframework.web.servlet.DispatcherServlet.render(DispatcherServlet.java:1286)
	at org.springframework.web.servlet.DispatcherServlet.processDispatchResult(DispatcherServlet.java:1041)
	at org.springframework.web.servlet.DispatcherServlet.doDispatch(DispatcherServlet.java:984)
	at org.springframework.web.servlet.DispatcherServlet.doService(DispatcherServlet.java:901)
	at org.springframework.web.servlet.FrameworkServlet.processRequest(FrameworkServlet.java:970)
	at org.springframework.web.servlet.FrameworkServlet.doGet(FrameworkServlet.java:861)
	at org.springframework.web.servlet.FrameworkServlet.service(FrameworkServlet.java:846)
	at java.util.concurrent.ThreadPoolExecutor.runWorker(ThreadPoolExecutor.java:1149)
	at java.util.concurrent.ThreadPoolExecutor$Worker.run(ThreadPoolExecutor.java:624)
	at java.lang.Thread.run(Thread.java:748)
